<?xml version="1.0" encoding="UTF-8"?>
<testsuite name="Cucumber" time="38.158" tests="3" skipped="0" failures="0" errors="0">
<testcase classname="UK Test Ticket" name="Check NHS Cost Eligibility" time="13.273">
<system-out><![CDATA[
Given I am a citizen of the UK..............................................passed
And I follow Start now......................................................passed
Given I am a resident of "England"..........................................passed
And my GP Practice is located in Scotland or Wales "Yes"....................passed
And I receive dental treatment in "England".................................passed
And I provide my date of birth as "03.10.1997"..............................passed
And I live with my partner "Yes"............................................passed
And both my partner and I can benefit from tax "Yes"........................passed
And we receive Universal Credit payments "Yes"..............................passed
And we have one of the following in our joint Universal Credit "Yes"........passed
And our Universal Credit period is less "Yes"...............................passed
When I check my eligibility for NHS cost assistance.........................passed
Then I should receive a result indicating whether I am eligible.............passed
]]></system-out>
</testcase>
<testcase classname="UK Test Ticket" name="Check NHS Cost Eligibility" time="12.287">
<system-out><![CDATA[
Given I am a citizen of the UK..............................................passed
And I follow Start now......................................................passed
Given I am a resident of "Scotland".........................................passed
And I live is located in Highland "Yes".....................................passed
And I receive dental treatment in "Scotland"................................passed
And I provide my date of birth as "03.10.1997"..............................passed
And I live with my partner "Yes"............................................passed
And both my partner and I can benefit from tax "Yes"........................passed
And we receive Universal Credit payments "Yes"..............................passed
And we have one of the following in our joint Universal Credit "Yes"........passed
And our Universal Credit period is less "Yes"...............................passed
When I check my eligibility for NHS cost assistance.........................passed
Then I should receive a result indicating whether I am eligible.............passed
]]></system-out>
</testcase>
<testcase classname="UK Test Ticket" name="Check NHS Cost Eligibility" time="12.364">
<system-out><![CDATA[
Given I am a citizen of the UK..............................................passed
And I follow Start now......................................................passed
Given I am a resident of "Wales"............................................passed
And my GP Practice is located in Scotland or Wales "Yes"....................passed
And I receive dental treatment in "Wales"...................................passed
And I provide my date of birth as "03.10.1997"..............................passed
And I live with my partner "Yes"............................................passed
And both my partner and I can benefit from tax "Yes"........................passed
And we receive Universal Credit payments "Yes"..............................passed
And we have one of the following in our joint Universal Credit "Yes"........passed
And our Universal Credit period is less "Yes"...............................passed
When I check my eligibility for NHS cost assistance.........................passed
Then I should receive a result indicating whether I am eligible.............passed
]]></system-out>
</testcase>
</testsuite>
